<?xml version="1.0" encoding="UTF-8"?>
<testng-results skipped="0" failed="0" total="2" passed="2">
  <reporter-output>
  </reporter-output>
  <suite name="suite test" duration-ms="53137" started-at="2019-10-25T20:16:58Z" finished-at="2019-10-25T20:17:51Z">
    <groups>
    </groups>
    <test name="CU01" duration-ms="53137" started-at="2019-10-25T20:16:58Z" finished-at="2019-10-25T20:17:51Z">
      <class name="pe.com.hitss.testcases.T_automationExam">
        <test-method status="PASS" signature="Configuracion()[pri:0, instance:pe.com.hitss.testcases.T_automationExam@6f7fd0e6]" name="Configuracion" is-config="true" duration-ms="8055" started-at="2019-10-25T15:16:58Z" finished-at="2019-10-25T15:17:06Z">
          <reporter-output>
          </reporter-output>
        </test-method> <!-- Configuracion -->
        <test-method status="PASS" signature="iniciarTest(java.lang.reflect.Method)[pri:0, instance:pe.com.hitss.testcases.T_automationExam@6f7fd0e6]" name="iniciarTest" is-config="true" duration-ms="1" started-at="2019-10-25T15:17:06Z" finished-at="2019-10-25T15:17:06Z">
          <params>
            <param index="0">
              <value>
                <![CDATA[public void pe.com.hitss.testcases.T_automationExam.Ingreso()]]>
              </value>
            </param>
          </params>
          <reporter-output>
          </reporter-output>
        </test-method> <!-- iniciarTest -->
        <test-method status="PASS" signature="Ingreso()[pri:1, instance:pe.com.hitss.testcases.T_automationExam@6f7fd0e6]" name="Ingreso" duration-ms="1" started-at="2019-10-25T15:17:06Z" finished-at="2019-10-25T15:17:06Z">
          <reporter-output>
          </reporter-output>
        </test-method> <!-- Ingreso -->
        <test-method status="PASS" signature="printResult(org.testng.ITestResult)[pri:0, instance:pe.com.hitss.testcases.T_automationExam@6f7fd0e6]" name="printResult" is-config="true" duration-ms="1" started-at="2019-10-25T15:17:06Z" finished-at="2019-10-25T15:17:06Z">
          <params>
            <param index="0">
              <value>
                <![CDATA[[TestResult name=Ingreso status=SUCCESS method=T_automationExam.Ingreso()[pri:1, instance:pe.com.hitss.testcases.T_automationExam@6f7fd0e6] output={null}]]]>
              </value>
            </param>
          </params>
          <reporter-output>
          </reporter-output>
        </test-method> <!-- printResult -->
        <test-method status="PASS" signature="iniciarTest(java.lang.reflect.Method)[pri:0, instance:pe.com.hitss.testcases.T_automationExam@6f7fd0e6]" name="iniciarTest" is-config="true" duration-ms="1" started-at="2019-10-25T15:17:07Z" finished-at="2019-10-25T15:17:07Z">
          <params>
            <param index="0">
              <value>
                <![CDATA[public void pe.com.hitss.testcases.T_automationExam.aniadirCotizacionNatural(java.lang.String,java.lang.String) throws java.io.IOException]]>
              </value>
            </param>
          </params>
          <reporter-output>
          </reporter-output>
        </test-method> <!-- iniciarTest -->
        <test-method status="PASS" signature="aniadirCotizacionNatural(java.lang.String, java.lang.String)[pri:2, instance:pe.com.hitss.testcases.T_automationExam@6f7fd0e6]" name="aniadirCotizacionNatural" duration-ms="44207" started-at="2019-10-25T15:17:07Z" data-provider="dataCliente" finished-at="2019-10-25T15:17:51Z">
          <params>
            <param index="0">
              <value>
                <![CDATA[shoes]]>
              </value>
            </param>
            <param index="1">
              <value>
                <![CDATA[PUMA]]>
              </value>
            </param>
          </params>
          <reporter-output>
          </reporter-output>
        </test-method> <!-- aniadirCotizacionNatural -->
        <test-method status="PASS" signature="printResult(org.testng.ITestResult)[pri:0, instance:pe.com.hitss.testcases.T_automationExam@6f7fd0e6]" name="printResult" is-config="true" duration-ms="1" started-at="2019-10-25T15:17:51Z" finished-at="2019-10-25T15:17:51Z">
          <params>
            <param index="0">
              <value>
                <![CDATA[[TestResult name=aniadirCotizacionNatural status=SUCCESS method=T_automationExam.aniadirCotizacionNatural(java.lang.String, java.lang.String)[pri:2, instance:pe.com.hitss.testcases.T_automationExam@6f7fd0e6] output={null}]]]>
              </value>
            </param>
          </params>
          <reporter-output>
          </reporter-output>
        </test-method> <!-- printResult -->
        <test-method status="PASS" signature="End()[pri:0, instance:pe.com.hitss.testcases.T_automationExam@6f7fd0e6]" name="End" is-config="true" duration-ms="0" started-at="2019-10-25T15:17:51Z" finished-at="2019-10-25T15:17:51Z">
          <reporter-output>
          </reporter-output>
        </test-method> <!-- End -->
      </class> <!-- pe.com.hitss.testcases.T_automationExam -->
    </test> <!-- CU01 -->
  </suite> <!-- suite test -->
</testng-results>
